<?xml version="1.0" encoding="UTF-8"?>
<testng-results ignored="0" total="1" passed="1" failed="0" skipped="0">
  <reporter-output>
  </reporter-output>
  <suite started-at="2021-12-20T16:39:54 IST" name="Default suite" finished-at="2021-12-20T16:40:34 IST" duration-ms="39945">
    <groups>
    </groups>
    <test started-at="2021-12-20T16:39:54 IST" name="Default test" finished-at="2021-12-20T16:40:34 IST" duration-ms="39945">
      <class name="OpenEye.OpenEye">
        <test-method signature="f()[pri:0, instance:OpenEye.OpenEye@5276e6b0]" started-at="2021-12-20T16:39:54 IST" name="f" finished-at="2021-12-20T16:40:34 IST" duration-ms="39892" status="PASS">
          <reporter-output>
          </reporter-output>
        </test-method> <!-- f -->
      </class> <!-- OpenEye.OpenEye -->
    </test> <!-- Default test -->
  </suite> <!-- Default suite -->
</testng-results>
